TN:
SF:script/DeployAxiom.s.sol
DA:13,0
FN:13,DeployAxiom.run
FNDA:0,DeployAxiom.run
DA:15,0
DA:16,0
DA:18,0
DA:19,0
DA:20,0
DA:22,0
DA:25,0
DA:26,0
DA:29,0
DA:36,0
DA:40,0
DA:42,0
DA:45,0
DA:46,0
DA:47,0
DA:48,0
DA:50,0
DA:59,0
FN:59,DeployAxiomLocal.run
FNDA:0,DeployAxiomLocal.run
DA:60,0
DA:62,0
DA:63,0
DA:65,0
DA:68,0
DA:71,0
DA:77,0
DA:82,0
DA:84,0
DA:85,0
DA:87,0
FNF:2
FNH:0
LF:30
LH:0
BRF:0
BRH:0
end_of_record
TN:
SF:src/AxiomRouter.sol
DA:46,65
FN:46,AxiomRouter.constructor
FNDA:65,AxiomRouter.constructor
DA:47,65
DA:55,64
FN:55,AxiomRouter.initialize
FNDA:64,AxiomRouter.initialize
DA:59,63
DA:60,63
DA:63,63
DA:64,63
DA:65,63
DA:66,63
DA:69,63
DA:70,63
DA:71,63
DA:72,63
DA:73,63
DA:74,63
DA:75,63
DA:80,13
FN:80,AxiomRouter.notBanned
FNDA:13,AxiomRouter.notBanned
DA:81,13
DA:82,1
BRDA:82,0,0,1
DA:83,1
DA:88,587
FN:88,AxiomRouter.rateLimit
FNDA:587,AxiomRouter.rateLimit
DA:89,587
DA:91,587
BRDA:91,1,0,572
DA:92,572
DA:93,572
DA:95,572
BRDA:95,2,0,571
BRDA:95,2,1,570
DA:96,571
BRDA:96,3,0,1
DA:97,1
DA:99,570
DA:101,1
DA:103,571
DA:111,589
FN:111,AxiomRouter.register
FNDA:589,AxiomRouter.register
DA:115,586
DA:117,586
DA:119,586
BRDA:119,4,0,1
DA:120,1
DA:123,585
DA:124,585
BRDA:124,5,0,1
DA:125,1
DA:128,584
DA:137,584
DA:138,584
DA:139,584
DA:140,584
DA:142,584
DA:143,584
DA:146,584
BRDA:146,6,0,1
DA:147,1
DA:148,1
BRDA:148,7,0,-
BRDA:148,7,1,1
DA:151,584
DA:155,262
FN:155,AxiomRouter.batchRegister
FNDA:262,AxiomRouter.batchRegister
DA:159,262
DA:161,262
BRDA:161,8,0,1
DA:162,1
DA:165,261
BRDA:165,9,0,2
DA:166,2
DA:169,259
DA:170,259
DA:172,259
BRDA:172,10,0,1
DA:173,1
DA:176,258
DA:177,258
DA:179,258
DA:180,3455
DA:182,3455
BRDA:182,11,0,1
DA:183,1
DA:186,3454
DA:195,3454
DA:196,3454
DA:197,3454
DA:198,3454
DA:199,3454
DA:201,3454
DA:204,258
DA:205,258
DA:208,258
BRDA:208,12,0,1
DA:209,1
DA:210,1
BRDA:210,13,0,-
BRDA:210,13,1,1
DA:213,258
DA:217,5
FN:217,AxiomRouter.revoke
FNDA:5,AxiomRouter.revoke
DA:218,5
DA:220,5
BRDA:220,14,0,1
DA:221,1
DA:224,4
DA:226,4
BRDA:226,15,0,1
DA:227,1
DA:230,3
BRDA:230,16,0,1
DA:231,1
DA:234,2
DA:236,2
DA:240,260
FN:240,AxiomRouter.verify
FNDA:260,AxiomRouter.verify
DA:244,260
DA:246,260
BRDA:246,17,0,2
DA:247,2
DA:250,258
DA:251,258
DA:252,258
DA:254,258
DA:258,262
FN:258,AxiomRouter.getRecord
FNDA:262,AxiomRouter.getRecord
DA:259,262
BRDA:259,18,0,1
DA:260,1
DA:263,261
DA:264,261
DA:268,1
FN:268,AxiomRouter.getRecordsByIssuer
FNDA:1,AxiomRouter.getRecordsByIssuer
DA:269,1
DA:270,1
DA:274,5
FN:274,AxiomRouter.getTotalRecords
FNDA:5,AxiomRouter.getTotalRecords
DA:275,5
DA:276,5
DA:282,13
FN:282,AxiomRouter.registerIdentity
FNDA:13,AxiomRouter.registerIdentity
DA:283,12
DA:285,12
BRDA:285,19,0,1
DA:286,1
DA:289,11
DA:290,11
BRDA:290,20,0,1
BRDA:290,20,1,10
DA:292,10
DA:299,10
DA:301,10
DA:305,4
FN:305,AxiomRouter.updateIdentity
FNDA:4,AxiomRouter.updateIdentity
DA:306,3
DA:308,3
BRDA:308,21,0,1
DA:309,1
DA:312,2
DA:313,2
DA:315,2
DA:316,2
BRDA:316,22,0,1
BRDA:316,22,1,1
DA:318,1
DA:319,1
DA:320,1
DA:322,1
DA:326,3
FN:326,AxiomRouter.verifyIdentity
FNDA:3,AxiomRouter.verifyIdentity
DA:327,3
DA:329,3
BRDA:329,23,0,1
DA:330,1
DA:333,2
DA:335,2
DA:339,2
FN:339,AxiomRouter.revokeVerification
FNDA:2,AxiomRouter.revokeVerification
DA:340,2
DA:342,2
BRDA:342,24,0,1
DA:343,1
DA:346,1
DA:350,2
FN:350,AxiomRouter.resolveIdentity
FNDA:2,AxiomRouter.resolveIdentity
DA:351,2
DA:352,2
DA:356,3
FN:356,AxiomRouter.isIdentityVerified
FNDA:3,AxiomRouter.isIdentityVerified
DA:357,3
DA:358,3
DA:362,3
FN:362,AxiomRouter.resolveByName
FNDA:3,AxiomRouter.resolveByName
DA:363,3
DA:364,3
DA:370,4
FN:370,AxiomRouter.getFee
FNDA:4,AxiomRouter.getFee
DA:371,4
DA:375,1
FN:375,AxiomRouter.setBaseFee
FNDA:1,AxiomRouter.setBaseFee
DA:376,1
DA:377,1
DA:381,2
FN:381,AxiomRouter.setEnterpriseRate
FNDA:2,AxiomRouter.setEnterpriseRate
DA:382,2
DA:383,2
DA:387,5
FN:387,AxiomRouter.grantEnterpriseStatus
FNDA:5,AxiomRouter.grantEnterpriseStatus
DA:388,5
DA:389,5
DA:390,5
DA:394,1
FN:394,AxiomRouter.revokeEnterpriseStatus
FNDA:1,AxiomRouter.revokeEnterpriseStatus
DA:395,1
DA:396,1
DA:397,1
DA:401,3
FN:401,AxiomRouter.withdraw
FNDA:3,AxiomRouter.withdraw
DA:402,3
BRDA:402,25,0,1
BRDA:402,25,1,2
DA:403,2
BRDA:403,26,0,1
BRDA:403,26,1,1
DA:405,1
DA:406,1
BRDA:406,27,0,-
BRDA:406,27,1,1
DA:410,2
FN:410,AxiomRouter.setTreasuryWallet
FNDA:2,AxiomRouter.setTreasuryWallet
DA:411,2
BRDA:411,28,0,1
BRDA:411,28,1,1
DA:412,1
DA:413,1
DA:417,2
FN:417,AxiomRouter.getBaseFee
FNDA:2,AxiomRouter.getBaseFee
DA:418,2
DA:419,2
DA:423,2
FN:423,AxiomRouter.getTotalFeesCollected
FNDA:2,AxiomRouter.getTotalFeesCollected
DA:424,2
DA:425,2
DA:429,3
FN:429,AxiomRouter.isEnterpriseUser
FNDA:3,AxiomRouter.isEnterpriseUser
DA:430,3
DA:438,4
FN:438,AxiomRouter.banAddress
FNDA:4,AxiomRouter.banAddress
DA:439,4
DA:440,4
DA:446,1
FN:446,AxiomRouter.unbanAddress
FNDA:1,AxiomRouter.unbanAddress
DA:447,1
DA:448,1
DA:454,2
FN:454,AxiomRouter.disputeContent
FNDA:2,AxiomRouter.disputeContent
DA:455,2
DA:457,2
BRDA:457,29,0,1
DA:458,1
DA:461,1
DA:463,1
DA:469,1
FN:469,AxiomRouter.pause
FNDA:1,AxiomRouter.pause
DA:470,1
DA:476,1
FN:476,AxiomRouter.unpause
FNDA:1,AxiomRouter.unpause
DA:477,1
DA:483,1
FN:483,AxiomRouter.setRateLimit
FNDA:1,AxiomRouter.setRateLimit
DA:484,1
DA:485,1
DA:486,1
DA:492,1
FN:492,AxiomRouter.setMaxBatchSize
FNDA:1,AxiomRouter.setMaxBatchSize
DA:493,1
DA:494,1
DA:500,2
FN:500,AxiomRouter.isBanned
FNDA:2,AxiomRouter.isBanned
DA:501,2
DA:502,2
DA:507,848
FN:507,AxiomRouter._calculateFee
FNDA:848,AxiomRouter._calculateFee
DA:508,848
DA:510,848
BRDA:510,30,0,2
DA:511,2
DA:514,846
DA:517,2
FN:517,AxiomRouter._authorizeUpgrade
FNDA:2,AxiomRouter._authorizeUpgrade
FNF:38
FNH:38
LF:215
LH:215
BRF:40
BRH:37
end_of_record
TN:
SF:src/access/AxiomAccess.sol
DA:43,0
FN:43,AxiomAccess.banAddress
FNDA:0,AxiomAccess.banAddress
DA:44,0
DA:45,0
DA:46,0
DA:53,0
FN:53,AxiomAccess.unbanAddress
FNDA:0,AxiomAccess.unbanAddress
DA:54,0
DA:55,0
DA:56,0
DA:64,0
FN:64,AxiomAccess.disputeContent
FNDA:0,AxiomAccess.disputeContent
DA:65,0
DA:67,0
BRDA:67,0,0,-
DA:68,0
DA:71,0
DA:73,0
DA:74,0
DA:80,0
FN:80,AxiomAccess.pause
FNDA:0,AxiomAccess.pause
DA:81,0
DA:82,0
DA:83,0
DA:89,0
FN:89,AxiomAccess.unpause
FNDA:0,AxiomAccess.unpause
DA:90,0
DA:91,0
DA:92,0
DA:100,0
FN:100,AxiomAccess.setRateLimit
FNDA:0,AxiomAccess.setRateLimit
DA:101,0
DA:102,0
DA:103,0
DA:104,0
DA:111,0
FN:111,AxiomAccess.setMaxBatchSize
FNDA:0,AxiomAccess.setMaxBatchSize
DA:112,0
DA:113,0
DA:123,0
FN:123,AxiomAccess.isBanned
FNDA:0,AxiomAccess.isBanned
DA:124,0
DA:125,0
DA:132,0
FN:132,AxiomAccess.isPaused
FNDA:0,AxiomAccess.isPaused
DA:133,0
DA:134,0
DA:142,0
FN:142,AxiomAccess.getRateLimitSettings
FNDA:0,AxiomAccess.getRateLimitSettings
DA:143,0
DA:144,0
DA:151,0
FN:151,AxiomAccess.getMaxBatchSize
FNDA:0,AxiomAccess.getMaxBatchSize
DA:152,0
DA:153,0
FNF:11
FNH:0
LF:43
LH:0
BRF:1
BRH:0
end_of_record
TN:
SF:src/core/AxiomIdentity.sol
DA:21,0
FN:21,AxiomIdentity.onlyOperator
FNDA:0,AxiomIdentity.onlyOperator
DA:31,0
FN:31,AxiomIdentity.registerIdentity
FNDA:0,AxiomIdentity.registerIdentity
DA:35,0
DA:38,0
BRDA:38,0,0,-
DA:39,0
DA:43,0
DA:44,0
BRDA:44,1,0,-
BRDA:44,1,1,-
DA:47,0
DA:55,0
DA:57,0
DA:63,0
FN:63,AxiomIdentity.updateIdentity
FNDA:0,AxiomIdentity.updateIdentity
DA:67,0
DA:70,0
BRDA:70,2,0,-
DA:71,0
DA:75,0
DA:76,0
DA:79,0
DA:80,0
BRDA:80,3,0,-
BRDA:80,3,1,-
DA:83,0
DA:84,0
DA:88,0
DA:90,0
DA:96,0
FN:96,AxiomIdentity.verifyIdentity
FNDA:0,AxiomIdentity.verifyIdentity
DA:97,0
DA:100,0
BRDA:100,4,0,-
DA:101,0
DA:104,0
DA:106,0
DA:112,0
FN:112,AxiomIdentity.revokeVerification
FNDA:0,AxiomIdentity.revokeVerification
DA:113,0
DA:116,0
BRDA:116,5,0,-
DA:117,0
DA:120,0
DA:128,0
FN:128,AxiomIdentity.resolveIdentity
FNDA:0,AxiomIdentity.resolveIdentity
DA:131,0
DA:132,0
DA:138,0
FN:138,AxiomIdentity.isIdentityVerified
FNDA:0,AxiomIdentity.isIdentityVerified
DA:139,0
DA:140,0
DA:146,0
FN:146,AxiomIdentity.resolveByName
FNDA:0,AxiomIdentity.resolveByName
DA:147,0
DA:148,0
DA:149,0
FNF:8
FNH:0
LF:43
LH:0
BRF:8
BRH:0
end_of_record
TN:
SF:src/core/AxiomRegistry.sol
DA:28,0
FN:28,AxiomRegistry.notBanned
FNDA:0,AxiomRegistry.notBanned
DA:29,0
DA:30,0
BRDA:30,0,0,-
DA:31,0
DA:39,0
FN:39,AxiomRegistry.whenNotPaused
FNDA:0,AxiomRegistry.whenNotPaused
DA:40,0
DA:41,0
BRDA:41,1,0,-
BRDA:41,1,1,-
DA:48,0
FN:48,AxiomRegistry.rateLimit
FNDA:0,AxiomRegistry.rateLimit
DA:49,0
DA:52,0
BRDA:52,2,0,-
DA:53,0
DA:54,0
DA:56,0
BRDA:56,3,0,-
BRDA:56,3,1,-
DA:57,0
BRDA:57,4,0,-
DA:58,0
DA:60,0
DA:62,0
DA:64,0
DA:74,0
FN:74,AxiomRegistry.register
FNDA:0,AxiomRegistry.register
DA:78,0
DA:81,0
DA:84,0
BRDA:84,5,0,-
DA:85,0
DA:89,0
DA:90,0
BRDA:90,6,0,-
DA:91,0
DA:95,0
DA:105,0
DA:106,0
DA:107,0
DA:108,0
DA:111,0
DA:119,0
DA:122,0
BRDA:122,7,0,-
DA:123,0
DA:124,0
BRDA:124,8,0,-
BRDA:124,8,1,-
DA:127,0
DA:133,0
FN:133,AxiomRegistry.batchRegister
FNDA:0,AxiomRegistry.batchRegister
DA:137,0
DA:140,0
BRDA:140,9,0,-
DA:141,0
DA:144,0
BRDA:144,10,0,-
DA:145,0
DA:149,0
DA:150,0
DA:152,0
BRDA:152,11,0,-
DA:153,0
DA:156,0
DA:158,0
DA:159,0
DA:162,0
BRDA:162,12,0,-
DA:163,0
DA:166,0
DA:175,0
DA:176,0
DA:177,0
DA:178,0
DA:180,0
DA:189,0
DA:190,0
DA:193,0
BRDA:193,13,0,-
DA:194,0
DA:195,0
BRDA:195,14,0,-
BRDA:195,14,1,-
DA:198,0
DA:204,0
FN:204,AxiomRegistry.revoke
FNDA:0,AxiomRegistry.revoke
DA:205,0
DA:208,0
BRDA:208,15,0,-
DA:209,0
DA:212,0
DA:215,0
BRDA:215,16,0,-
DA:216,0
DA:220,0
BRDA:220,17,0,-
DA:221,0
DA:225,0
DA:227,0
DA:235,0
FN:235,AxiomRegistry.verify
FNDA:0,AxiomRegistry.verify
DA:239,0
DA:241,0
BRDA:241,18,0,-
DA:242,0
DA:245,0
DA:246,0
DA:249,0
DA:251,0
DA:257,0
FN:257,AxiomRegistry.getRecord
FNDA:0,AxiomRegistry.getRecord
DA:260,0
BRDA:260,19,0,-
DA:261,0
DA:264,0
DA:265,0
DA:271,0
FN:271,AxiomRegistry.getRecordsByIssuer
FNDA:0,AxiomRegistry.getRecordsByIssuer
DA:274,0
DA:275,0
DA:281,0
FN:281,AxiomRegistry.getTotalRecords
FNDA:0,AxiomRegistry.getTotalRecords
DA:282,0
DA:283,0
DA:291,0
FN:291,AxiomRegistry._getFee
FNDA:0,AxiomRegistry._getFee
DA:292,0
DA:294,0
BRDA:294,20,0,-
DA:295,0
DA:298,0
FNF:11
FNH:0
LF:99
LH:0
BRF:25
BRH:0
end_of_record
TN:
SF:src/core/AxiomTreasury.sol
DA:20,0
FN:20,AxiomTreasury.onlyAdmin
FNDA:0,AxiomTreasury.onlyAdmin
DA:30,0
FN:30,AxiomTreasury.setBaseFee
FNDA:0,AxiomTreasury.setBaseFee
DA:31,0
DA:32,0
DA:38,0
FN:38,AxiomTreasury.setEnterpriseRate
FNDA:0,AxiomTreasury.setEnterpriseRate
DA:39,0
DA:40,0
DA:46,0
FN:46,AxiomTreasury.grantEnterpriseStatus
FNDA:0,AxiomTreasury.grantEnterpriseStatus
DA:47,0
DA:48,0
DA:54,0
FN:54,AxiomTreasury.revokeEnterpriseStatus
FNDA:0,AxiomTreasury.revokeEnterpriseStatus
DA:55,0
DA:56,0
DA:62,0
FN:62,AxiomTreasury.withdraw
FNDA:0,AxiomTreasury.withdraw
DA:63,0
BRDA:63,0,0,-
BRDA:63,0,1,-
DA:64,0
BRDA:64,1,0,-
BRDA:64,1,1,-
DA:66,0
DA:67,0
BRDA:67,2,0,-
BRDA:67,2,1,-
DA:73,0
FN:73,AxiomTreasury.setTreasuryWallet
FNDA:0,AxiomTreasury.setTreasuryWallet
DA:74,0
BRDA:74,3,0,-
BRDA:74,3,1,-
DA:75,0
DA:76,0
DA:84,0
FN:84,AxiomTreasury.getFee
FNDA:0,AxiomTreasury.getFee
DA:85,0
DA:87,0
BRDA:87,4,0,-
DA:88,0
DA:91,0
DA:97,0
FN:97,AxiomTreasury.getBaseFee
FNDA:0,AxiomTreasury.getBaseFee
DA:98,0
DA:99,0
DA:105,0
FN:105,AxiomTreasury.getTotalFeesCollected
FNDA:0,AxiomTreasury.getTotalFeesCollected
DA:106,0
DA:107,0
DA:113,0
FN:113,AxiomTreasury.isEnterpriseUser
FNDA:0,AxiomTreasury.isEnterpriseUser
DA:114,0
DA:115,0
FNF:11
FNH:0
LF:36
LH:0
BRF:9
BRH:0
end_of_record
TN:
SF:src/storage/AxiomStorage.sol
DA:99,8367
FN:99,AxiomStorage.getStorage
FNDA:8367,AxiomStorage.getStorage
DA:100,8367
DA:102,8367
DA:115,4302
FN:115,AxiomStorage.generateRecordId
FNDA:4302,AxiomStorage.generateRecordId
DA:119,4302
DA:127,4570
FN:127,AxiomStorage.recordExists
FNDA:4570,AxiomStorage.recordExists
DA:128,4570
DA:129,4570
FNF:3
FNH:3
LF:8
LH:8
BRF:0
BRH:0
end_of_record
